<?xml version="1.0" encoding="UTF-8"?>
<!-- Generated by org.testng.reporters.JUnitReportReporter -->
<testsuite hostname="timus" failures="0" tests="1" name="com.scripts.RegisterTest" time="5.509" errors="0" timestamp="5 Dec 2020 09:28:46 GMT">
  <testcase classname="com.scripts.RegisterTest" name="TCID_101_doRegister" time="5.509"/>
</testsuite> <!-- com.scripts.RegisterTest -->
