<?xml version="1.0" encoding="UTF-8"?>
<!-- Generated by org.testng.reporters.JUnitReportReporter -->
<testsuite hostname="timus" failures="0" tests="1" name="com.scripts.RegisterTest" time="5.323" errors="0" timestamp="6 Dec 2020 09:06:07 GMT">
  <testcase classname="com.scripts.RegisterTest" name="TCID_101_doRegister" time="5.323"/>
</testsuite> <!-- com.scripts.RegisterTest -->
