<?xml version="1.0" encoding="UTF-8"?>
<!-- Generated by org.testng.reporters.JUnitReportReporter -->
<testsuite hostname="timus" failures="0" tests="1" name="com.scripts.LoginTest" time="22.007" errors="0" timestamp="3 Dec 2020 09:15:33 GMT">
  <testcase classname="com.scripts.LoginTest" name="TCID_102_ForgotPassword" time="22.007"/>
</testsuite> <!-- com.scripts.LoginTest -->
