<?xml version="1.0" encoding="UTF-8"?>
<!-- Generated by org.testng.reporters.JUnitReportReporter -->
<testsuite hostname="timus" failures="0" tests="1" name="com.scripts.RegisterTest" time="7.622" errors="0" timestamp="5 Dec 2020 04:48:54 GMT">
  <testcase classname="com.scripts.RegisterTest" name="TCID_101_doRegister" time="7.622"/>
</testsuite> <!-- com.scripts.RegisterTest -->
