<?xml version="1.0" encoding="UTF-8"?>
<!-- Generated by org.testng.reporters.JUnitReportReporter -->
<testsuite hostname="timus" failures="0" tests="1" name="com.scripts.RegisterTest" time="12.936" errors="0" timestamp="6 Dec 2020 09:28:56 GMT">
  <testcase classname="com.scripts.RegisterTest" name="TCID_101_doRegister" time="12.936"/>
</testsuite> <!-- com.scripts.RegisterTest -->
